2016-08-29 14:16:24 INFO  ClassPathXmlApplicationContext - Refreshing org.springframework.context.support.ClassPathXmlApplicationContext@3b764bce: startup date [Mon Aug 29 14:16:24 CST 2016]; root of context hierarchy
2016-08-29 14:16:24 INFO  XmlBeanDefinitionReader - Loading XML bean definitions from class path resource [ServerConfig.xml]
2016-08-29 14:16:25 INFO  Server - Initializing the gateway :8280 to localhost:8888 ...
2016-08-29 14:16:25 INFO  Server - Server initialized and listening on port 8280
2016-08-29 14:16:25 INFO  GatewaySender - Connecting to the Backend Server on localhost:8888 ...
2016-08-29 14:16:26 ERROR GatewaySender - Error connecting to the Backend Server on localhost:8888 ...
2016-08-29 14:16:26 INFO  GatewaySender - Retrying connect to the Backend Server on localhost:8888 ...
2016-08-29 14:16:28 INFO  GatewaySender - Connecting to the Backend Server on localhost:8888 ...
2016-08-29 14:16:29 ERROR GatewaySender - Error connecting to the Backend Server on localhost:8888 ...
2016-08-29 14:16:29 INFO  GatewaySender - Retrying connect to the Backend Server on localhost:8888 ...
2016-08-29 14:16:31 INFO  GatewaySender - Connecting to the Backend Server on localhost:8888 ...
2016-08-29 14:16:32 ERROR GatewaySender - Error connecting to the Backend Server on localhost:8888 ...
2016-08-29 14:16:32 INFO  GatewaySender - Retrying connect to the Backend Server on localhost:8888 ...
2016-08-29 14:16:34 INFO  GatewaySender - Connecting to the Backend Server on localhost:8888 ...
2016-08-29 14:16:35 ERROR GatewaySender - Error connecting to the Backend Server on localhost:8888 ...
2016-08-29 14:16:35 INFO  GatewaySender - Retrying connect to the Backend Server on localhost:8888 ...
2016-08-29 14:16:37 INFO  GatewaySender - Connecting to the Backend Server on localhost:8888 ...
2016-08-29 14:16:38 ERROR GatewaySender - Error connecting to the Backend Server on localhost:8888 ...
2016-08-29 14:16:38 INFO  GatewaySender - Retrying connect to the Backend Server on localhost:8888 ...
2016-08-29 14:16:40 INFO  GatewaySender - Connecting to the Backend Server on localhost:8888 ...
2016-08-29 14:16:41 ERROR GatewaySender - Error connecting to the Backend Server on localhost:8888 ...
2016-08-29 14:16:41 INFO  GatewaySender - Retrying connect to the Backend Server on localhost:8888 ...
2016-08-29 15:28:24 INFO  ClassPathXmlApplicationContext - Refreshing org.springframework.context.support.ClassPathXmlApplicationContext@1ed4004b: startup date [Mon Aug 29 15:28:24 CST 2016]; root of context hierarchy
2016-08-29 15:28:24 INFO  XmlBeanDefinitionReader - Loading XML bean definitions from class path resource [ServerConfig.xml]
2016-08-29 15:28:25 INFO  Server - Initializing the gateway :8280 to localhost:8888 ...
2016-08-29 15:28:25 INFO  Server - Server initialized and listening on port 8280
2016-08-29 15:28:27 INFO  GatewaySender - Connecting to the Backend Server on localhost:8888 ...
2016-08-29 15:28:33 ERROR GatewaySender - Error connecting to the Backend Server on localhost:8888 ...
2016-08-29 15:28:33 INFO  GatewaySender - Retrying connect to the Backend Server on localhost:8888 ...
2016-08-29 15:28:49 INFO  GatewaySender - Connecting to the Backend Server on localhost:8888 ...
2016-08-29 15:29:17 ERROR GatewaySender - Error connecting to the Backend Server on localhost:8888 ...
2016-08-29 15:29:17 INFO  GatewaySender - Retrying connect to the Backend Server on localhost:8888 ...
2016-08-29 15:29:23 INFO  GatewaySender - Connecting to the Backend Server on localhost:8888 ...
2016-08-29 15:29:25 ERROR GatewaySender - Error connecting to the Backend Server on localhost:8888 ...
2016-08-29 15:29:25 INFO  GatewaySender - Retrying connect to the Backend Server on localhost:8888 ...
2016-08-29 15:29:27 INFO  GatewaySender - Connecting to the Backend Server on localhost:8888 ...
2016-08-29 15:29:29 ERROR GatewaySender - Error connecting to the Backend Server on localhost:8888 ...
2016-08-29 15:29:29 INFO  GatewaySender - Retrying connect to the Backend Server on localhost:8888 ...
2016-08-29 15:29:31 INFO  GatewaySender - Connecting to the Backend Server on localhost:8888 ...
2016-08-29 15:29:36 ERROR GatewaySender - Error connecting to the Backend Server on localhost:8888 ...
2016-08-29 15:29:36 INFO  GatewaySender - Retrying connect to the Backend Server on localhost:8888 ...
2016-08-29 15:29:38 INFO  GatewaySender - Connecting to the Backend Server on localhost:8888 ...
